<?xml version="1.0" encoding="UTF-8"?>
<!-- Generated by org.testng.reporters.JUnitXMLReporter -->
<testsuite ignored="0" hostname="LAPTOP-T0NS83VU" failures="0" tests="3" name="Default test" time="7.781" errors="0" timestamp="2024-06-08T23:02:01 AST">
  <testcase classname="Task6TestCases" name="Log_in" time="2.432"/>
  <testcase classname="Task6TestCases" name="verifiyTheWordProductIsThere" time="0.043"/>
  <testcase classname="Task6TestCases" name="SortingItems" time="1.143"/>
</testsuite> <!-- Default test -->
