<?xml version="1.0" encoding="UTF-8"?>
<testng-results ignored="0" total="3" passed="3" failed="0" skipped="0">
  <reporter-output>
  </reporter-output>
  <suite started-at="2024-06-08T23:01:53 AST" name="Default suite" finished-at="2024-06-08T23:02:01 AST" duration-ms="7781">
    <groups>
    </groups>
    <test started-at="2024-06-08T23:01:53 AST" name="Default test" finished-at="2024-06-08T23:02:01 AST" duration-ms="7781">
      <class name="Task6TestCases">
        <test-method is-config="true" signature="SteUp()[pri:0, instance:Task6TestCases@59d2400d]" started-at="2024-06-08T23:01:53 AST" name="SteUp" finished-at="2024-06-08T23:01:57 AST" duration-ms="4098" status="PASS">
          <reporter-output>
          </reporter-output>
        </test-method> <!-- SteUp -->
        <test-method signature="Log_in()[pri:1, instance:Task6TestCases@59d2400d]" started-at="2024-06-08T23:01:57 AST" name="Log_in" finished-at="2024-06-08T23:01:59 AST" duration-ms="2432" status="PASS">
          <reporter-output>
          </reporter-output>
        </test-method> <!-- Log_in -->
        <test-method signature="verifiyTheWordProductIsThere()[pri:2, instance:Task6TestCases@59d2400d]" started-at="2024-06-08T23:01:59 AST" name="verifiyTheWordProductIsThere" finished-at="2024-06-08T23:01:59 AST" duration-ms="43" status="PASS">
          <reporter-output>
          </reporter-output>
        </test-method> <!-- verifiyTheWordProductIsThere -->
        <test-method signature="SortingItems()[pri:3, instance:Task6TestCases@59d2400d]" started-at="2024-06-08T23:01:59 AST" name="SortingItems" finished-at="2024-06-08T23:02:01 AST" duration-ms="1143" status="PASS">
          <reporter-output>
          </reporter-output>
        </test-method> <!-- SortingItems -->
      </class> <!-- Task6TestCases -->
    </test> <!-- Default test -->
  </suite> <!-- Default suite -->
</testng-results>
